
20170703 16:59 完成喷气式截击机及运输机添加功能实现

20170628 22:12 完成喷气式所有飞机添加功能实现

20170627 04:37 完成海轰、战术轰炸机、战略轰炸机添加功能实现

20170626 00:20 完成轻型战斗机、近距支援机、重型战斗机的添加功能

20170624 04:00 添加超重坦克、自行火炮及防空火炮功能

20170623 22:36 添加现代坦克、自行火炮及防空炮功能

20170623 01:40 适配1.4.0

20170301 17:28 添加疯狂添加火炮、火箭炮及自行火箭炮功能

20170301 15:35 添加疯狂添加支援及摩托化装备功能

20170301 13:50 添加疯狂添加各级步兵枪功能

20161210 02:41 完成机械化装备组所有功能

20161207 22:20 完成重型坦克组所有功能

20161207 00:51 完成中型坦克组所有功能

20161206 00:55 完成轻型坦克组所有功能

20161205 22:31 完成轻型反坦克炮功能
	
20161205 21:48 完成轻型坦克及轻型自行火炮功能

20161203 21:52 将添加支援及摩托化装备合并到步兵装备组中

20161202 14:33 完成添加运输船功能

20161201 21:03 完成添加摩托化装备功能

20161201 20:30 完成添加支援装备功能

20161130 23:27 完成添加防空及反坦克炮功能

20161130 17:42 完成添加火箭炮及自行火箭炮功能

20161130 17:06 完成添加三级火炮功能

20161129 21:49 完成添加三级步兵枪支功能

